<?xml version="1.0" encoding="utf-8"?><testsuites name="pytest tests"><testsuite name="pytest" errors="0" failures="0" skipped="0" tests="104" time="3.900" timestamp="2026-07-31T14:16:59.116445+00:00" hostname="runnervmvrwv9"><testcase classname="tests.test_aportes_ui_wiring" name="test_formulario_liquidacion_expone_y_conecta_conciliacion_aportes" time="0.001" /><testcase classname="tests.test_auth_service" name="test_password_vacio_rechazado" time="0.011" /><testcase classname="tests.test_auth_service" name="test_password_corto_rechazado" time="0.000" /><testcase classname="tests.test_auth_service" name="test_password_sin_numero_rechazado" time="0.000" /><testcase classname="tests.test_auth_service" name="test_password_sin_letra_rechazado" time="0.000" /><testcase classname="tests.test_auth_service" name="test_password_comun_rechazado" time="0.000" /><testcase classname="tests.test_auth_service" name="test_password_valida_aceptada" time="0.000" /><testcase classname="tests.test_auth_service" name="test_hash_password_genera_argon2" time="0.048" /><testcase classname="tests.test_auth_service" name="test_hash_password_debil_lanza_error" time="0.000" /><testcase classname="tests.test_auth_service" name="test_hash_password_es_diferente_cada_vez" time="0.090" /><testcase classname="tests.test_auth_service" name="test_verify_argon2_correcta" time="0.090" /><testcase classname="tests.test_auth_service" name="test_verify_argon2_incorrecta" time="0.092" /><testcase classname="tests.test_auth_service" name="test_verify_argon2_password_vacio" time="0.045" /><testcase classname="tests.test_auth_service" name="test_verify_sha256_legacy_correcta" time="0.000" /><testcase classname="tests.test_auth_service" name="test_verify_sha256_legacy_incorrecta" time="0.000" /><testcase classname="tests.test_auth_service" name="test_rehash_ciclo_completo" time="0.089" /><testcase classname="tests.test_auth_service" name="test_verify_hash_invalido" time="0.000" /><testcase classname="tests.test_auth_service" name="test_verify_hash_vacio" time="0.000" /><testcase classname="tests.test_auth_service" name="test_verify_hash_none" time="0.001" /><testcase classname="tests.test_auth_service" name="test_deteccion_hash_argon2" time="0.000" /><testcase classname="tests.test_auth_service" name="test_deteccion_hash_sha256" time="0.000" /><testcase classname="tests.test_auth_service" name="test_constant_time_equals" time="0.000" /><testcase classname="tests.test_calculos" name="test_renuncia_no_genera_indemnizacion" time="0.000" /><testcase classname="tests.test_calculos" name="test_con_justa_causa_no_genera_indemnizacion" time="0.000" /><testcase classname="tests.test_calculos" name="test_mutuo_acuerdo_no_genera_indemnizacion" time="0.000" /><testcase classname="tests.test_calculos" name="test_vencimiento_no_genera_indemnizacion" time="0.000" /><testcase classname="tests.test_calculos" name="test_obra_terminada_no_genera_indemnizacion" time="0.000" /><testcase classname="tests.test_calculos" name="test_despido_sin_justa_causa_indefinido_bajo_smmlv" time="0.000" /><testcase classname="tests.test_calculos" name="test_despido_sin_justa_causa_primer_año" time="0.000" /><testcase classname="tests.test_calculos" name="test_despido_sin_justa_causa_alto_smmlv" time="0.000" /><testcase classname="tests.test_calculos" name="test_despido_contrato_fijo_dias_pendientes" time="0.000" /><testcase classname="tests.test_calculos" name="test_despido_contrato_fijo_minimo_15_dias" time="0.000" /><testcase classname="tests.test_calculos" name="test_liquidacion_completa_renuncia_dos_años" time="0.002" /><testcase classname="tests.test_calculos" name="test_liquidacion_completa_despido_sin_justa_causa" time="0.001" /><testcase classname="tests.test_calculos" name="test_liquidacion_motivo_afecta_resultado" time="0.001" /><testcase classname="tests.test_calculos" name="test_liquidacion_cero_dias_no_falla" time="0.001" /><testcase classname="tests.test_calculos" name="test_liquidacion_fechas_incoherentes" time="0.001" /><testcase classname="tests.test_calculos" name="test_motivo_se_preserva_en_resultado" time="0.014" /><testcase classname="tests.test_calculos" name="test_motivo_mapeo_todos_los_casos" time="0.000" /><testcase classname="tests.test_calculos" name="test_intereses_cesantias_multianuales_se_periodizan" time="0.000" /><testcase classname="tests.test_calculos" name="test_intereses_pagados_reducen_solo_el_saldo_pendiente" time="0.002" /><testcase classname="tests.test_deployment_diagnostics" name="test_deployment_metadata_reads_render_environment" time="0.000" /><testcase classname="tests.test_deployment_diagnostics" name="test_diagnostics_source_contains_selector_and_marker" time="0.000" /><testcase classname="tests.test_deployment_diagnostics" name="test_app_entrypoint_invokes_deployment_diagnostics" time="0.001" /><testcase classname="tests.test_deployment_diagnostics" name="test_render_blueprint_pins_main_and_commit_deploys" time="0.000" /><testcase classname="tests.test_documentos_premium" name="test_genera_cinco_pdfs_finales_sin_paginas_desperdiciadas" time="0.410" /><testcase classname="tests.test_documentos_premium" name="test_contrato_final_sin_clausula_interna_y_con_pago_formal" time="0.355" /><testcase classname="tests.test_documentos_premium" name="test_contrato_bloquea_periodo_prueba_retroactivo" time="0.001" /><testcase classname="tests.test_documentos_premium" name="test_certificado_activo_usa_redaccion_correcta_y_no_inventa_qr" time="0.355" /><testcase classname="tests.test_documentos_premium" name="test_acta_tiene_exactamente_cuatro_columnas_y_datos_sin_desplazamiento" time="0.354" /><testcase classname="tests.test_documentos_premium" name="test_acta_extensa_repite_solo_los_cuatro_encabezados" time="0.044" /><testcase classname="tests.test_documentos_premium" name="test_liquidacion_sin_salario_oculta_fila_y_separa_autorizadas" time="0.392" /><testcase classname="tests.test_documentos_premium" name="test_liquidacion_15_dias_muestra_periodo_y_aportes_solo_sobre_salario" time="0.351" /><testcase classname="tests.test_documentos_premium" name="test_conciliacion_aportes_evitar_duplicados" time="0.002" /><testcase classname="tests.test_documentos_premium" name="test_borrador_muestra_marca_de_agua_y_final_no" time="0.021" /><testcase classname="tests.test_logo_ui" name="test_legacy_logo_css_is_removed" time="0.000" /><testcase classname="tests.test_logo_ui" name="test_auth_header_detection_is_specific" time="0.000" /><testcase classname="tests.test_logo_ui" name="test_official_logo_asset_is_complete_and_landscape" time="0.005" /><testcase classname="tests.test_parametros_legales" name="test_parametros_2026_centralizados" time="0.000" /><testcase classname="tests.test_parametros_legales" name="test_anio_sin_parametros_falla_explicito" time="0.000" /><testcase classname="tests.test_settings" name="test_development_por_defecto" time="0.001" /><testcase classname="tests.test_settings" name="test_production_explicito" time="0.001" /><testcase classname="tests.test_settings" name="test_production_sin_supabase_falla" time="0.001" /><testcase classname="tests.test_settings" name="test_production_sin_app_url_falla" time="0.001" /><testcase classname="tests.test_settings" name="test_environment_invalido_falla" time="0.001" /><testcase classname="tests.test_settings" name="test_development_sin_supabase_arranca" time="0.001" /><testcase classname="tests.test_settings" name="test_supabase_configurado_detecta_ambas_vars" time="0.001" /><testcase classname="tests.test_settings" name="test_argon2_valores_default" time="0.001" /><testcase classname="tests.test_settings" name="test_app_url_sin_slash_final" time="0.001" /><testcase classname="tests.test_settings" name="test_smtp_puerto_es_int" time="0.001" /><testcase classname="tests.test_settings" name="test_login_config_completa" time="0.001" /><testcase classname="tests.test_settings" name="test_resumen_no_contiene_secretos" time="0.001" /><testcase classname="tests.test_validaciones_documentales" name="test_contrato_bloquea_fecha_precargada_no_confirmada" time="0.000" /><testcase classname="tests.test_validaciones_documentales" name="test_certificado_exige_decidir_salario" time="0.000" /><testcase classname="tests.test_validaciones_documentales" name="test_retiro_anterior_ingreso_es_error" time="0.000" /><testcase classname="tests.test_validaciones_documentales" name="test_dotacion_sin_items_es_error" time="0.000" /><testcase classname="tests.test_validaciones_documentales" name="test_liquidacion_exige_estado_aportes_cuando_hay_salario_pendiente" time="0.000" /><testcase classname="tests.test_validaciones_documentales" name="test_liquidacion_aportes_parciales_exige_valores_retenidos" time="0.000" /><testcase classname="tests.test_validaciones_documentales" name="test_liquidacion_sin_salario_define_aportes_no_aplican" time="0.000" /><testcase classname="tests.test_validaciones_empleado" name="test_cc_valida" time="0.003" /><testcase classname="tests.test_validaciones_empleado" name="test_cc_con_puntos" time="0.000" /><testcase classname="tests.test_validaciones_empleado" name="test_cc_vacia_falla" time="0.000" /><testcase classname="tests.test_validaciones_empleado" name="test_cc_con_letras_falla" time="0.000" /><testcase classname="tests.test_validaciones_empleado" name="test_pasaporte_alfanumerico" time="0.000" /><testcase classname="tests.test_validaciones_empleado" name="test_correo_valido" time="0.000" /><testcase classname="tests.test_validaciones_empleado" name="test_correo_invalido" time="0.000" /><testcase classname="tests.test_validaciones_empleado" name="test_correo_vacio_no_obligatorio" time="0.000" /><testcase classname="tests.test_validaciones_empleado" name="test_correo_vacio_obligatorio" time="0.000" /><testcase classname="tests.test_validaciones_empleado" name="test_salario_valido" time="0.000" /><testcase classname="tests.test_validaciones_empleado" name="test_salario_string_valido" time="0.000" /><testcase classname="tests.test_validaciones_empleado" name="test_salario_cero_falla" time="0.000" /><testcase classname="tests.test_validaciones_empleado" name="test_salario_negativo_falla" time="0.000" /><testcase classname="tests.test_validaciones_empleado" name="test_salario_no_numerico_falla" time="0.000" /><testcase classname="tests.test_validaciones_empleado" name="test_salario_bajo_smmlv_da_warning" time="0.000" /><testcase classname="tests.test_validaciones_empleado" name="test_fecha_formato_dmy" time="0.000" /><testcase classname="tests.test_validaciones_empleado" name="test_fecha_formato_ymd" time="0.000" /><testcase classname="tests.test_validaciones_empleado" name="test_fecha_invalida" time="0.000" /><testcase classname="tests.test_validaciones_empleado" name="test_fecha_retiro_antes_ingreso" time="0.000" /><testcase classname="tests.test_validaciones_empleado" name="test_fecha_retiro_despues_ingreso" time="0.000" /><testcase classname="tests.test_validaciones_empleado" name="test_sin_fecha_retiro_ok" time="0.000" /><testcase classname="tests.test_validaciones_empleado" name="test_empleado_completo_valido" time="0.000" /><testcase classname="tests.test_validaciones_empleado" name="test_empleado_sin_documento_falla" time="0.000" /><testcase classname="tests.test_validaciones_empleado" name="test_empleado_con_fechas_incoherentes_falla" time="0.000" /><testcase classname="tests.test_validaciones_empleado" name="test_empleado_con_emergencia_incompleta_falla" time="0.000" /></testsuite></testsuites>